Using pre-set license
Built from '2022.3/staging' branch; Version is '2022.3.14f1 (eff2de9070d8) revision 15725278'; Using compiler version '192829333'; Build Type 'Release'
OS: 'Windows 10  (10.0.19045) 64bit Professional' Language: 'ko' Physical Memory: 16319 MB
BatchMode: 1, IsHumanControllingUs: 0, StartBugReporterOnCrash: 0, Is64bit: 1, IsPro: 1

COMMAND LINE ARGUMENTS:
C:\Program Files\Unity\Hub\Editor\2022.3.14f1\Editor\Unity.exe
-adb2
-batchMode
-noUpm
-name
AssetImportWorker0
-projectPath
C:/Users/Kim/Desktop/Project/Questoria/Questoria
-logFile
Logs/AssetImportWorker0.log
-srvPort
59379
Successfully changed project path to: C:/Users/Kim/Desktop/Project/Questoria/Questoria
C:/Users/Kim/Desktop/Project/Questoria/Questoria
[UnityMemory] Configuration Parameters - Can be set up in boot.config
    "memorysetup-bucket-allocator-granularity=16"
    "memorysetup-bucket-allocator-bucket-count=8"
    "memorysetup-bucket-allocator-block-size=33554432"
    "memorysetup-bucket-allocator-block-count=8"
    "memorysetup-main-allocator-block-size=16777216"
    "memorysetup-thread-allocator-block-size=16777216"
    "memorysetup-gfx-main-allocator-block-size=16777216"
    "memorysetup-gfx-thread-allocator-block-size=16777216"
    "memorysetup-cache-allocator-block-size=4194304"
    "memorysetup-typetree-allocator-block-size=2097152"
    "memorysetup-profiler-bucket-allocator-granularity=16"
    "memorysetup-profiler-bucket-allocator-bucket-count=8"
    "memorysetup-profiler-bucket-allocator-block-size=33554432"
    "memorysetup-profiler-bucket-allocator-block-count=8"
    "memorysetup-profiler-allocator-block-size=16777216"
    "memorysetup-profiler-editor-allocator-block-size=1048576"
    "memorysetup-temp-allocator-size-main=16777216"
    "memorysetup-job-temp-allocator-block-size=2097152"
    "memorysetup-job-temp-allocator-block-size-background=1048576"
    "memorysetup-job-temp-allocator-reduction-small-platforms=262144"
    "memorysetup-allocator-temp-initial-block-size-main=262144"
    "memorysetup-allocator-temp-initial-block-size-worker=262144"
    "memorysetup-temp-allocator-size-background-worker=32768"
    "memorysetup-temp-allocator-size-job-worker=262144"
    "memorysetup-temp-allocator-size-preload-manager=33554432"
    "memorysetup-temp-allocator-size-nav-mesh-worker=65536"
    "memorysetup-temp-allocator-size-audio-worker=65536"
    "memorysetup-temp-allocator-size-cloud-worker=32768"
    "memorysetup-temp-allocator-size-gi-baking-worker=262144"
    "memorysetup-temp-allocator-size-gfx=262144"
Player connection [5860] Host "[IP] 14.45.135.226 [Port] 0 [Flags] 2 [Guid] 1096510549 [EditorId] 1096510549 [Version] 1048832 [Id] WindowsEditor(7,DESKTOP-5MEC467) [Debug] 1 [PackageName] WindowsEditor [ProjectName] Editor" joined multi-casting on [225.0.0.222:54997]...

Player connection [5860] Host "[IP] 14.45.135.226 [Port] 0 [Flags] 2 [Guid] 1096510549 [EditorId] 1096510549 [Version] 1048832 [Id] WindowsEditor(7,DESKTOP-5MEC467) [Debug] 1 [PackageName] WindowsEditor [ProjectName] Editor" joined alternative multi-casting on [225.0.0.222:34997]...

[Physics::Module] Initialized MultithreadedJobDispatcher with 3 workers.
Refreshing native plugins compatible for Editor in 19.39 ms, found 3 plugins.
Preloading 0 native plugins for Editor in 0.00 ms.
Initialize engine version: 2022.3.14f1 (eff2de9070d8)
[Subsystems] Discovering subsystems at path C:/Program Files/Unity/Hub/Editor/2022.3.14f1/Editor/Data/Resources/UnitySubsystems
[Subsystems] Discovering subsystems at path C:/Users/Kim/Desktop/Project/Questoria/Questoria/Assets
GfxDevice: creating device client; threaded=0; jobified=0
Direct3D:
    Version:  Direct3D 11.0 [level 11.1]
    Renderer: NVIDIA GeForce GTX 1660 (ID=0x2184)
    Vendor:   NVIDIA
    VRAM:     5980 MB
    Driver:   31.0.15.3623
Initialize mono
Mono path[0] = 'C:/Program Files/Unity/Hub/Editor/2022.3.14f1/Editor/Data/Managed'
Mono path[1] = 'C:/Program Files/Unity/Hub/Editor/2022.3.14f1/Editor/Data/MonoBleedingEdge/lib/mono/unityjit-win32'
Mono config path = 'C:/Program Files/Unity/Hub/Editor/2022.3.14f1/Editor/Data/MonoBleedingEdge/etc'
Using monoOptions --debugger-agent=transport=dt_socket,embedding=1,server=y,suspend=n,address=127.0.0.1:56740
Begin MonoManager ReloadAssembly
Registering precompiled unity dll's ...
Register platform support module: C:/Program Files/Unity/Hub/Editor/2022.3.14f1/Editor/Data/PlaybackEngines/AndroidPlayer/UnityEditor.Android.Extensions.dll
Register platform support module: C:/Program Files/Unity/Hub/Editor/2022.3.14f1/Editor/Data/PlaybackEngines/iOSSupport/UnityEditor.iOS.Extensions.dll
Register platform support module: C:/Program Files/Unity/Hub/Editor/2022.3.14f1/Editor/Data/PlaybackEngines/WindowsStandaloneSupport/UnityEditor.WindowsStandalone.Extensions.dll
Registered in 0.033965 seconds.
- Loaded All Assemblies, in  0.546 seconds
Native extension for WindowsStandalone target not found
Native extension for iOS target not found
Native extension for Android target not found
Android Extension - Scanning For ADB Devices 479 ms
Mono: successfully reloaded assembly
- Finished resetting the current domain, in  0.891 seconds
Domain Reload Profiling: 1431ms
	BeginReloadAssembly (178ms)
		ExecutionOrderSort (0ms)
		DisableScriptedObjects (0ms)
		BackupInstance (0ms)
		ReleaseScriptingObjects (0ms)
		CreateAndSetChildDomain (1ms)
	RebuildCommonClasses (56ms)
	RebuildNativeTypeToScriptingClass (14ms)
	initialDomainReloadingComplete (107ms)
	LoadAllAssembliesAndSetupDomain (186ms)
		LoadAssemblies (174ms)
		RebuildTransferFunctionScriptingTraits (0ms)
		AnalyzeDomain (182ms)
			TypeCache.Refresh (181ms)
				TypeCache.ScanAssembly (165ms)
			ScanForSourceGeneratedMonoScriptInfo (0ms)
			ResolveRequiredComponents (0ms)
	FinalizeReload (891ms)
		ReleaseScriptCaches (0ms)
		RebuildScriptCaches (0ms)
		SetupLoadedEditorAssemblies (825ms)
			LogAssemblyErrors (0ms)
			InitializePlatformSupportModulesInManaged (632ms)
			SetLoadedEditorAssemblies (4ms)
			RefreshPlugins (0ms)
			BeforeProcessingInitializeOnLoad (3ms)
			ProcessInitializeOnLoadAttributes (115ms)
			ProcessInitializeOnLoadMethodAttributes (71ms)
			AfterProcessingInitializeOnLoad (0ms)
			EditorAssembliesLoaded (0ms)
		ExecutionOrderSort2 (0ms)
		AwakeInstancesAfterBackupRestoration (0ms)
========================================================================
Worker process is ready to serve import requests
Begin MonoManager ReloadAssembly
- Loaded All Assemblies, in  0.878 seconds
Refreshing native plugins compatible for Editor in 7.48 ms, found 3 plugins.
Native extension for WindowsStandalone target not found
Native extension for iOS target not found
Native extension for Android target not found
Package Manager log level set to [2]
[Package Manager] Server::EnsureServerProcessIsRunning -- launch failed, reason: Unity was launched with the -noUpm command-line argument
[Package Manager] UpmClient::Send -- Unable to send message (not connected to UPM process).
[Package Manager] Cannot connect to Unity Package Manager local server
Mono: successfully reloaded assembly
- Finished resetting the current domain, in  0.698 seconds
Domain Reload Profiling: 1566ms
	BeginReloadAssembly (197ms)
		ExecutionOrderSort (0ms)
		DisableScriptedObjects (6ms)
		BackupInstance (0ms)
		ReleaseScriptingObjects (0ms)
		CreateAndSetChildDomain (22ms)
	RebuildCommonClasses (41ms)
	RebuildNativeTypeToScriptingClass (14ms)
	initialDomainReloadingComplete (63ms)
	LoadAllAssembliesAndSetupDomain (552ms)
		LoadAssemblies (458ms)
		RebuildTransferFunctionScriptingTraits (0ms)
		AnalyzeDomain (220ms)
			TypeCache.Refresh (198ms)
				TypeCache.ScanAssembly (177ms)
			ScanForSourceGeneratedMonoScriptInfo (16ms)
			ResolveRequiredComponents (5ms)
	FinalizeReload (698ms)
		ReleaseScriptCaches (0ms)
		RebuildScriptCaches (0ms)
		SetupLoadedEditorAssemblies (518ms)
			LogAssemblyErrors (0ms)
			InitializePlatformSupportModulesInManaged (55ms)
			SetLoadedEditorAssemblies (4ms)
			RefreshPlugins (0ms)
			BeforeProcessingInitializeOnLoad (86ms)
			ProcessInitializeOnLoadAttributes (327ms)
			ProcessInitializeOnLoadMethodAttributes (23ms)
			AfterProcessingInitializeOnLoad (22ms)
			EditorAssembliesLoaded (0ms)
		ExecutionOrderSort2 (0ms)
		AwakeInstancesAfterBackupRestoration (19ms)
Launched and connected shader compiler UnityShaderCompiler.exe after 0.06 seconds
Refreshing native plugins compatible for Editor in 14.57 ms, found 3 plugins.
Preloading 0 native plugins for Editor in 0.00 ms.
Unloading 3110 Unused Serialized files (Serialized files now loaded: 0)
Unloading 32 unused Assets / (57.5 KB). Loaded Objects now: 3582.
Memory consumption went from 142.8 MB to 142.7 MB.
Total: 3.654100 ms (FindLiveObjects: 0.385800 ms CreateObjectMapping: 0.291400 ms MarkObjects: 2.876200 ms  DeleteObjects: 0.099900 ms)

AssetImportParameters requested are different than current active one (requested -> active):
  custom:container-demuxer-ogg: 62fdf1f143b41e24485cea50d1cbac27 -> 
  custom:video-decoder-ogg-theora: a1e56fd34408186e4bbccfd4996cb3dc -> 
  custom:framework-win-MediaFoundation: 216162199b28c13a410421893ffa2e32 -> 
  custom:container-demuxer-webm: 4f35f7cbe854078d1ac9338744f61a02 -> 
  custom:container-muxer-webm: aa71ff27fc2769a1b78a27578f13a17b -> 
  custom:video-decoder-webm-vp8: 9c59270c3fd7afecdb556c50c9e8de78 -> 
  custom:AudioImporter_EditorPlatform: d09bf68614088b80899f8185d706f6e7 -> 
  custom:video-encoder-webm-vp8: eb34c28f22e8b96e1ab97ce403110664 -> 
  custom:audio-decoder-ogg-vorbis: bf7c407c2cedff20999df2af8eb42d56 -> 
  custom:audio-encoder-webm-vorbis: bf7c407c2cedff20999df2af8eb42d56 -> 
========================================================================
Received Import Request.
  Time since last request: 8183.409499 seconds.
  path: Assets/Open Assets/Map/Props/Tree2_1.prefab
  artifactKey: Guid(0a93633d05165524fae0ac2ac62b6619) Importer(815301076,1909f56bfc062723c751e8b465ee728b)
Start importing Assets/Open Assets/Map/Props/Tree2_1.prefab using Guid(0a93633d05165524fae0ac2ac62b6619) Importer(815301076,1909f56bfc062723c751e8b465ee728b)  -> (artifact id: '9ab9f40388825287af71a9ec262263b5') in 0.129973 seconds
Number of updated asset objects reloaded before import = 0
Number of asset objects unloaded after import = 13
========================================================================
Received Import Request.
  Time since last request: 0.000031 seconds.
  path: Assets/Open Assets/Map/Props/Tree3_03.prefab
  artifactKey: Guid(71017c6139952fe4088f9bcb0c9ab22c) Importer(815301076,1909f56bfc062723c751e8b465ee728b)
Start importing Assets/Open Assets/Map/Props/Tree3_03.prefab using Guid(71017c6139952fe4088f9bcb0c9ab22c) Importer(815301076,1909f56bfc062723c751e8b465ee728b)  -> (artifact id: '736e338e5b85031ef17c57583548f32f') in 0.031750 seconds
Number of updated asset objects reloaded before import = 0
Number of asset objects unloaded after import = 13
========================================================================
Received Import Request.
  Time since last request: 0.000015 seconds.
  path: Assets/Open Assets/Map/Props/Tree2_7.prefab
  artifactKey: Guid(0304f04756797be428ddf0d8623c989c) Importer(815301076,1909f56bfc062723c751e8b465ee728b)
Start importing Assets/Open Assets/Map/Props/Tree2_7.prefab using Guid(0304f04756797be428ddf0d8623c989c) Importer(815301076,1909f56bfc062723c751e8b465ee728b)  -> (artifact id: 'aabc177eafd461ae51ba0d272d8e9e66') in 0.032441 seconds
Number of updated asset objects reloaded before import = 0
Number of asset objects unloaded after import = 13
========================================================================
Received Import Request.
  Time since last request: 0.000258 seconds.
  path: Assets/Open Assets/Map/Props/Tree4_05.prefab
  artifactKey: Guid(10c6cd864810b694a8b4dee2b59ecca1) Importer(815301076,1909f56bfc062723c751e8b465ee728b)
Start importing Assets/Open Assets/Map/Props/Tree4_05.prefab using Guid(10c6cd864810b694a8b4dee2b59ecca1) Importer(815301076,1909f56bfc062723c751e8b465ee728b)  -> (artifact id: '0d5e44b383b7b58e9500a88e8dcbcd87') in 0.098312 seconds
Number of updated asset objects reloaded before import = 0
Number of asset objects unloaded after import = 11
========================================================================
Received Import Request.
  Time since last request: 0.001805 seconds.
  path: Assets/Open Assets/Map/Props/Tree3_04_aut.prefab
  artifactKey: Guid(221f91b65557e894bbe5118fa26e1439) Importer(815301076,1909f56bfc062723c751e8b465ee728b)
Start importing Assets/Open Assets/Map/Props/Tree3_04_aut.prefab using Guid(221f91b65557e894bbe5118fa26e1439) Importer(815301076,1909f56bfc062723c751e8b465ee728b)  -> (artifact id: 'fce8b74019b40017713870e575e84938') in 0.101295 seconds
Number of updated asset objects reloaded before import = 0
Number of asset objects unloaded after import = 13
========================================================================
Received Import Request.
  Time since last request: 0.002486 seconds.
  path: Assets/Open Assets/Map/Props/Wood_el_06.prefab
  artifactKey: Guid(a210b33c5a2074f468e0ca098aee832c) Importer(815301076,1909f56bfc062723c751e8b465ee728b)
Start importing Assets/Open Assets/Map/Props/Wood_el_06.prefab using Guid(a210b33c5a2074f468e0ca098aee832c) Importer(815301076,1909f56bfc062723c751e8b465ee728b)  -> (artifact id: '8db65da39e51f91a51e9b32918d10461') in 0.056497 seconds
Number of updated asset objects reloaded before import = 0
Number of asset objects unloaded after import = 10
========================================================================
Received Import Request.
  Time since last request: 0.000014 seconds.
  path: Assets/Open Assets/Map/Props/Tree2_2.prefab
  artifactKey: Guid(da89d68fc9622004fb92ac66d72a7fc7) Importer(815301076,1909f56bfc062723c751e8b465ee728b)
Start importing Assets/Open Assets/Map/Props/Tree2_2.prefab using Guid(da89d68fc9622004fb92ac66d72a7fc7) Importer(815301076,1909f56bfc062723c751e8b465ee728b)  -> (artifact id: '5a64ea0d648fff075765537da3b26c69') in 0.031540 seconds
Number of updated asset objects reloaded before import = 0
Number of asset objects unloaded after import = 13
========================================================================
Received Import Request.
  Time since last request: 0.000668 seconds.
  path: Assets/Open Assets/Map/Props/Wood_el_05.prefab
  artifactKey: Guid(a9a8b3e1153801046b9ba360bc87c5dc) Importer(815301076,1909f56bfc062723c751e8b465ee728b)
Start importing Assets/Open Assets/Map/Props/Wood_el_05.prefab using Guid(a9a8b3e1153801046b9ba360bc87c5dc) Importer(815301076,1909f56bfc062723c751e8b465ee728b)  -> (artifact id: '24dcd70690265ac958f415a9641bc2d7') in 0.047978 seconds
Number of updated asset objects reloaded before import = 0
Number of asset objects unloaded after import = 10
========================================================================
Received Import Request.
  Time since last request: 0.000013 seconds.
  path: Assets/Open Assets/Map/Props/Tree3_06_aut.prefab
  artifactKey: Guid(028d57370fcba88438a8171d8b32319b) Importer(815301076,1909f56bfc062723c751e8b465ee728b)
Start importing Assets/Open Assets/Map/Props/Tree3_06_aut.prefab using Guid(028d57370fcba88438a8171d8b32319b) Importer(815301076,1909f56bfc062723c751e8b465ee728b)  -> (artifact id: '2d4b43a98865b6d891dd019c72133681') in 0.033476 seconds
Number of updated asset objects reloaded before import = 0
Number of asset objects unloaded after import = 13
========================================================================
Received Import Request.
  Time since last request: 0.000027 seconds.
  path: Assets/Open Assets/Map/Props/Tree3_02.prefab
  artifactKey: Guid(d71e4a8d6ca51324baee52d0d0595709) Importer(815301076,1909f56bfc062723c751e8b465ee728b)
Start importing Assets/Open Assets/Map/Props/Tree3_02.prefab using Guid(d71e4a8d6ca51324baee52d0d0595709) Importer(815301076,1909f56bfc062723c751e8b465ee728b)  -> (artifact id: 'afa8107f9942e9a4517bf915b5d74814') in 0.034401 seconds
Number of updated asset objects reloaded before import = 0
Number of asset objects unloaded after import = 12
========================================================================
Received Import Request.
  Time since last request: 0.000016 seconds.
  path: Assets/Open Assets/Map/Props/Tree3_01_aut.prefab
  artifactKey: Guid(fd43365b28b858046a4e9726e08ea468) Importer(815301076,1909f56bfc062723c751e8b465ee728b)
Start importing Assets/Open Assets/Map/Props/Tree3_01_aut.prefab using Guid(fd43365b28b858046a4e9726e08ea468) Importer(815301076,1909f56bfc062723c751e8b465ee728b)  -> (artifact id: 'a4f938d3c4ce8a6ba9fcc067b777e15e') in 0.028453 seconds
Number of updated asset objects reloaded before import = 0
Number of asset objects unloaded after import = 12
========================================================================
Received Import Request.
  Time since last request: 0.000189 seconds.
  path: Assets/Open Assets/Map/Props/Tree2_5.prefab
  artifactKey: Guid(eab3e64569069e94d82d6ff64026ce5f) Importer(815301076,1909f56bfc062723c751e8b465ee728b)
Start importing Assets/Open Assets/Map/Props/Tree2_5.prefab using Guid(eab3e64569069e94d82d6ff64026ce5f) Importer(815301076,1909f56bfc062723c751e8b465ee728b)  -> (artifact id: '588b3667da1765709478cd1cd1bf86fc') in 0.052782 seconds
Number of updated asset objects reloaded before import = 0
Number of asset objects unloaded after import = 9
========================================================================
Received Import Request.
  Time since last request: 0.000308 seconds.
  path: Assets/Open Assets/Map/Props/Tree2_3.prefab
  artifactKey: Guid(760fb595d00f61744ad05dfe6ab74958) Importer(815301076,1909f56bfc062723c751e8b465ee728b)
Start importing Assets/Open Assets/Map/Props/Tree2_3.prefab using Guid(760fb595d00f61744ad05dfe6ab74958) Importer(815301076,1909f56bfc062723c751e8b465ee728b)  -> (artifact id: '22cfb88400b190206935f74107176784') in 0.052406 seconds
Number of updated asset objects reloaded before import = 0
Number of asset objects unloaded after import = 10
========================================================================
Received Import Request.
  Time since last request: 0.000233 seconds.
  path: Assets/Open Assets/Map/Props/Tree4_01.prefab
  artifactKey: Guid(b6db7bb6ece4b4741ad779fa4baa3cde) Importer(815301076,1909f56bfc062723c751e8b465ee728b)
Start importing Assets/Open Assets/Map/Props/Tree4_01.prefab using Guid(b6db7bb6ece4b4741ad779fa4baa3cde) Importer(815301076,1909f56bfc062723c751e8b465ee728b)  -> (artifact id: 'da3d2cbfaf4325303493ac5882b0e8f0') in 0.491171 seconds
Number of updated asset objects reloaded before import = 0
Number of asset objects unloaded after import = 12
========================================================================
Received Import Request.
  Time since last request: 0.000136 seconds.
  path: Assets/Open Assets/Map/Props/Tree3_02_aut.prefab
  artifactKey: Guid(15481af73f24e3440a07ec2efc3e0337) Importer(815301076,1909f56bfc062723c751e8b465ee728b)
Start importing Assets/Open Assets/Map/Props/Tree3_02_aut.prefab using Guid(15481af73f24e3440a07ec2efc3e0337) Importer(815301076,1909f56bfc062723c751e8b465ee728b)  -> (artifact id: 'de98ce5d6ddd20e41f5c1890363b67c9') in 0.040110 seconds
Number of updated asset objects reloaded before import = 0
Number of asset objects unloaded after import = 12
========================================================================
Received Import Request.
  Time since last request: 0.000570 seconds.
  path: Assets/Open Assets/Map/Props/Waterfall2.prefab
  artifactKey: Guid(fafb22938e56e894cb5afedc4d16aeae) Importer(815301076,1909f56bfc062723c751e8b465ee728b)
Start importing Assets/Open Assets/Map/Props/Waterfall2.prefab using Guid(fafb22938e56e894cb5afedc4d16aeae) Importer(815301076,1909f56bfc062723c751e8b465ee728b)  -> (artifact id: 'a444ef89873dd2889153980d10a8b062') in 0.178169 seconds
Number of updated asset objects reloaded before import = 0
Number of asset objects unloaded after import = 13
========================================================================
Received Import Request.
  Time since last request: 0.000684 seconds.
  path: Assets/Open Assets/Map/Props/Tree3_05_aut.prefab
  artifactKey: Guid(258f66c5111655343be1567c715a6a4c) Importer(815301076,1909f56bfc062723c751e8b465ee728b)
Start importing Assets/Open Assets/Map/Props/Tree3_05_aut.prefab using Guid(258f66c5111655343be1567c715a6a4c) Importer(815301076,1909f56bfc062723c751e8b465ee728b)  -> (artifact id: '7d57a2d752c0d9c233b34316f4a26699') in 0.037139 seconds
Number of updated asset objects reloaded before import = 0
Number of asset objects unloaded after import = 13
========================================================================
Received Import Request.
  Time since last request: 0.000593 seconds.
  path: Assets/Open Assets/Map/Props/Tree2_6.prefab
  artifactKey: Guid(89d47f703315a0f45b3029bb4295a91d) Importer(815301076,1909f56bfc062723c751e8b465ee728b)
Start importing Assets/Open Assets/Map/Props/Tree2_6.prefab using Guid(89d47f703315a0f45b3029bb4295a91d) Importer(815301076,1909f56bfc062723c751e8b465ee728b)  -> (artifact id: '2bbf7b324e8925239dc3bc4b52a766ed') in 0.032095 seconds
Number of updated asset objects reloaded before import = 0
Number of asset objects unloaded after import = 13
========================================================================
Received Import Request.
  Time since last request: 0.000436 seconds.
  path: Assets/Open Assets/Map/Props/Tree3_01.prefab
  artifactKey: Guid(b6701b79cb4d70c49a6027bc1d7c444b) Importer(815301076,1909f56bfc062723c751e8b465ee728b)
Start importing Assets/Open Assets/Map/Props/Tree3_01.prefab using Guid(b6701b79cb4d70c49a6027bc1d7c444b) Importer(815301076,1909f56bfc062723c751e8b465ee728b)  -> (artifact id: '6a1e814c835a47e4b08529701282a674') in 0.031354 seconds
Number of updated asset objects reloaded before import = 0
Number of asset objects unloaded after import = 12
========================================================================
Received Import Request.
  Time since last request: 0.000143 seconds.
  path: Assets/Open Assets/Map/Props/Tree3_03_aut.prefab
  artifactKey: Guid(1ec6a6618c498a54d95290ab9ee7e18a) Importer(815301076,1909f56bfc062723c751e8b465ee728b)
Start importing Assets/Open Assets/Map/Props/Tree3_03_aut.prefab using Guid(1ec6a6618c498a54d95290ab9ee7e18a) Importer(815301076,1909f56bfc062723c751e8b465ee728b)  -> (artifact id: 'f13431a1203000ff659ee46daa05fd39') in 0.031425 seconds
Number of updated asset objects reloaded before import = 0
Number of asset objects unloaded after import = 13
========================================================================
Received Import Request.
  Time since last request: 0.000256 seconds.
  path: Assets/Open Assets/Map/Props/Tree3_04.prefab
  artifactKey: Guid(a658fef0acd03124ca84a52d23ff1ca0) Importer(815301076,1909f56bfc062723c751e8b465ee728b)
Start importing Assets/Open Assets/Map/Props/Tree3_04.prefab using Guid(a658fef0acd03124ca84a52d23ff1ca0) Importer(815301076,1909f56bfc062723c751e8b465ee728b)  -> (artifact id: 'd146bf65b81194ca7fda44800d34b46f') in 0.041836 seconds
Number of updated asset objects reloaded before import = 0
Number of asset objects unloaded after import = 13
========================================================================
Received Import Request.
  Time since last request: 0.000455 seconds.
  path: Assets/Open Assets/Map/Props/Tree3_07_aut.prefab
  artifactKey: Guid(ca693d5d37f244b4e9e9c9c618ee0357) Importer(815301076,1909f56bfc062723c751e8b465ee728b)
Start importing Assets/Open Assets/Map/Props/Tree3_07_aut.prefab using Guid(ca693d5d37f244b4e9e9c9c618ee0357) Importer(815301076,1909f56bfc062723c751e8b465ee728b)  -> (artifact id: '8e74210c5c32055c4ffba301a518f753') in 0.034744 seconds
Number of updated asset objects reloaded before import = 0
Number of asset objects unloaded after import = 11
========================================================================
Received Import Request.
  Time since last request: 0.000016 seconds.
  path: Assets/Open Assets/Map/Props/Tree2_8.prefab
  artifactKey: Guid(0b287b896faff694f94dad9ddafd1d91) Importer(815301076,1909f56bfc062723c751e8b465ee728b)
Start importing Assets/Open Assets/Map/Props/Tree2_8.prefab using Guid(0b287b896faff694f94dad9ddafd1d91) Importer(815301076,1909f56bfc062723c751e8b465ee728b)  -> (artifact id: 'b2c5901f1244f4da4e70c651e95b6502') in 0.039578 seconds
Number of updated asset objects reloaded before import = 0
Number of asset objects unloaded after import = 10
========================================================================
Received Import Request.
  Time since last request: 0.000023 seconds.
  path: Assets/Open Assets/Map/Props/Tree3_05.prefab
  artifactKey: Guid(3b612d800a68df640b9d1ca8f62e6989) Importer(815301076,1909f56bfc062723c751e8b465ee728b)
Start importing Assets/Open Assets/Map/Props/Tree3_05.prefab using Guid(3b612d800a68df640b9d1ca8f62e6989) Importer(815301076,1909f56bfc062723c751e8b465ee728b)  -> (artifact id: 'f1d604e6d416f15a60b0d3969b0b7175') in 0.032394 seconds
Number of updated asset objects reloaded before import = 0
Number of asset objects unloaded after import = 13
========================================================================
Received Import Request.
  Time since last request: 0.000017 seconds.
  path: Assets/Open Assets/Map/Props/Tree4_02.prefab
  artifactKey: Guid(fa2408d3c1fd6de489928babd6d3043e) Importer(815301076,1909f56bfc062723c751e8b465ee728b)
Start importing Assets/Open Assets/Map/Props/Tree4_02.prefab using Guid(fa2408d3c1fd6de489928babd6d3043e) Importer(815301076,1909f56bfc062723c751e8b465ee728b)  -> (artifact id: '43b110be5b341335ab84396ed661a24b') in 0.049951 seconds
Number of updated asset objects reloaded before import = 0
Number of asset objects unloaded after import = 12
========================================================================
Received Import Request.
  Time since last request: 0.000015 seconds.
  path: Assets/Open Assets/Map/Props/Wood_el_01.prefab
  artifactKey: Guid(03f3e080f9b6c794aa7aba928b6463f4) Importer(815301076,1909f56bfc062723c751e8b465ee728b)
Start importing Assets/Open Assets/Map/Props/Wood_el_01.prefab using Guid(03f3e080f9b6c794aa7aba928b6463f4) Importer(815301076,1909f56bfc062723c751e8b465ee728b)  -> (artifact id: '144bfbc9f4a6ce7196528d9210026efb') in 0.055130 seconds
Number of updated asset objects reloaded before import = 0
Number of asset objects unloaded after import = 11
========================================================================
Received Import Request.
  Time since last request: 0.000413 seconds.
  path: Assets/Open Assets/Map/Props/Water1.prefab
  artifactKey: Guid(0204f69820fb30c4c94431aa344eaa31) Importer(815301076,1909f56bfc062723c751e8b465ee728b)
Start importing Assets/Open Assets/Map/Props/Water1.prefab using Guid(0204f69820fb30c4c94431aa344eaa31) Importer(815301076,1909f56bfc062723c751e8b465ee728b)  -> (artifact id: 'e0ba2ab089a79190beb3ae16b99e7f85') in 0.051275 seconds
Number of updated asset objects reloaded before import = 0
Number of asset objects unloaded after import = 14
========================================================================
Received Import Request.
  Time since last request: 0.000256 seconds.
  path: Assets/Open Assets/Map/Props/Waterfall1.prefab
  artifactKey: Guid(9217057345bfbac479fdbfeee71c79a2) Importer(815301076,1909f56bfc062723c751e8b465ee728b)
Start importing Assets/Open Assets/Map/Props/Waterfall1.prefab using Guid(9217057345bfbac479fdbfeee71c79a2) Importer(815301076,1909f56bfc062723c751e8b465ee728b)  -> (artifact id: '63e25602114340a711df58a9fd78a456') in 0.033930 seconds
Number of updated asset objects reloaded before import = 0
Number of asset objects unloaded after import = 13
========================================================================
Received Import Request.
  Time since last request: 0.000227 seconds.
  path: Assets/Open Assets/Map/Props/Tree3_07.prefab
  artifactKey: Guid(2df4b59c2b20eb94ea0f94cf82ace341) Importer(815301076,1909f56bfc062723c751e8b465ee728b)
Start importing Assets/Open Assets/Map/Props/Tree3_07.prefab using Guid(2df4b59c2b20eb94ea0f94cf82ace341) Importer(815301076,1909f56bfc062723c751e8b465ee728b)  -> (artifact id: 'a930c830e13dd737e6d77f32e5a8e948') in 0.042225 seconds
Number of updated asset objects reloaded before import = 0
Number of asset objects unloaded after import = 11
========================================================================
Received Import Request.
  Time since last request: 0.000015 seconds.
  path: Assets/Open Assets/Map/Props/Tree4_04.prefab
  artifactKey: Guid(8e043a56c1023dd4d9f3de6dab65fd5b) Importer(815301076,1909f56bfc062723c751e8b465ee728b)
Start importing Assets/Open Assets/Map/Props/Tree4_04.prefab using Guid(8e043a56c1023dd4d9f3de6dab65fd5b) Importer(815301076,1909f56bfc062723c751e8b465ee728b)  -> (artifact id: '83a6f32f5c0783503f7c15f99927b0be') in 0.039728 seconds
Number of updated asset objects reloaded before import = 0
Number of asset objects unloaded after import = 11
========================================================================
Received Import Request.
  Time since last request: 0.000114 seconds.
  path: Assets/Open Assets/Map/Props/Well1.prefab
  artifactKey: Guid(27e0ed53827d4fe40848e7c655147d4a) Importer(815301076,1909f56bfc062723c751e8b465ee728b)
Start importing Assets/Open Assets/Map/Props/Well1.prefab using Guid(27e0ed53827d4fe40848e7c655147d4a) Importer(815301076,1909f56bfc062723c751e8b465ee728b)  -> (artifact id: '906c8ca15de509ccf9ed7adc78aaa3e8') in 0.041853 seconds
Number of updated asset objects reloaded before import = 0
Number of asset objects unloaded after import = 10
========================================================================
Received Import Request.
  Time since last request: 0.000013 seconds.
  path: Assets/Open Assets/Map/Props/Wood_el_03.prefab
  artifactKey: Guid(719b3d4cb22f70e4ca97269104fb7d28) Importer(815301076,1909f56bfc062723c751e8b465ee728b)
Start importing Assets/Open Assets/Map/Props/Wood_el_03.prefab using Guid(719b3d4cb22f70e4ca97269104fb7d28) Importer(815301076,1909f56bfc062723c751e8b465ee728b)  -> (artifact id: '00ef1b8a036d4b1d4a8ac2a2698847be') in 0.030060 seconds
Number of updated asset objects reloaded before import = 0
Number of asset objects unloaded after import = 11
========================================================================
Received Import Request.
  Time since last request: 0.000013 seconds.
  path: Assets/Open Assets/Map/Props/Wood_el_04.prefab
  artifactKey: Guid(acca8480c48ed4345838be32da799c04) Importer(815301076,1909f56bfc062723c751e8b465ee728b)
Start importing Assets/Open Assets/Map/Props/Wood_el_04.prefab using Guid(acca8480c48ed4345838be32da799c04) Importer(815301076,1909f56bfc062723c751e8b465ee728b)  -> (artifact id: '82d76deec2f8edca1478706bde23e824') in 0.053304 seconds
Number of updated asset objects reloaded before import = 0
Number of asset objects unloaded after import = 10
========================================================================
Received Import Request.
  Time since last request: 0.000016 seconds.
  path: Assets/Open Assets/Map/Props/Wood_el_02.prefab
  artifactKey: Guid(90969d38f42483344bbd03cad0896672) Importer(815301076,1909f56bfc062723c751e8b465ee728b)
Start importing Assets/Open Assets/Map/Props/Wood_el_02.prefab using Guid(90969d38f42483344bbd03cad0896672) Importer(815301076,1909f56bfc062723c751e8b465ee728b)  -> (artifact id: '56953c7de43837b5fd7eed513f363ba3') in 0.037970 seconds
Number of updated asset objects reloaded before import = 0
Number of asset objects unloaded after import = 10
========================================================================
Received Import Request.
  Time since last request: 0.000309 seconds.
  path: Assets/Open Assets/Map/Props/Tree2_4.prefab
  artifactKey: Guid(a991131fc772bd44bb28f3fbd072659f) Importer(815301076,1909f56bfc062723c751e8b465ee728b)
Start importing Assets/Open Assets/Map/Props/Tree2_4.prefab using Guid(a991131fc772bd44bb28f3fbd072659f) Importer(815301076,1909f56bfc062723c751e8b465ee728b)  -> (artifact id: 'c005a1a6bc4375cd53793d173b0863bf') in 0.027393 seconds
Number of updated asset objects reloaded before import = 0
Number of asset objects unloaded after import = 10
========================================================================
Received Import Request.
  Time since last request: 0.000179 seconds.
  path: Assets/Open Assets/Map/Props/Tree3_06.prefab
  artifactKey: Guid(6fde7b6d873b5304c958cc833d24f95e) Importer(815301076,1909f56bfc062723c751e8b465ee728b)
Start importing Assets/Open Assets/Map/Props/Tree3_06.prefab using Guid(6fde7b6d873b5304c958cc833d24f95e) Importer(815301076,1909f56bfc062723c751e8b465ee728b)  -> (artifact id: '9cc8a334919e7ca522ddd464abc7f348') in 0.035692 seconds
Number of updated asset objects reloaded before import = 0
Number of asset objects unloaded after import = 13
========================================================================
Received Import Request.
  Time since last request: 0.000015 seconds.
  path: Assets/Open Assets/Map/Props/Tree4_03.prefab
  artifactKey: Guid(d04445fc68fb1ad4087bed676ef932af) Importer(815301076,1909f56bfc062723c751e8b465ee728b)
Start importing Assets/Open Assets/Map/Props/Tree4_03.prefab using Guid(d04445fc68fb1ad4087bed676ef932af) Importer(815301076,1909f56bfc062723c751e8b465ee728b)  -> (artifact id: '5e4c0c656020261309754d28987a3833') in 0.036919 seconds
Number of updated asset objects reloaded before import = 0
Number of asset objects unloaded after import = 12
========================================================================
Received Import Request.
  Time since last request: 42.088821 seconds.
  path: Assets/Open Assets/Map/Props/Models/Materials
  artifactKey: Guid(ddc7041b385605a4e86a438ed0990c0a) Importer(815301076,1909f56bfc062723c751e8b465ee728b)
Start importing Assets/Open Assets/Map/Props/Models/Materials using Guid(ddc7041b385605a4e86a438ed0990c0a) Importer(815301076,1909f56bfc062723c751e8b465ee728b)  -> (artifact id: '028d3fb87a13f9b5f7c607fcc31f3fa8') in 0.002832 seconds
Number of updated asset objects reloaded before import = 0
Number of asset objects unloaded after import = 0
========================================================================
Received Import Request.
  Time since last request: 0.052188 seconds.
  path: Assets/Open Assets/Map/Props/Models/Materials/Banner.mat
  artifactKey: Guid(3ed3d6ae1d1e0804a8209fe3bf4b91cd) Importer(815301076,1909f56bfc062723c751e8b465ee728b)
Start importing Assets/Open Assets/Map/Props/Models/Materials/Banner.mat using Guid(3ed3d6ae1d1e0804a8209fe3bf4b91cd) Importer(815301076,1909f56bfc062723c751e8b465ee728b)  -> (artifact id: '00ae2773b8176bb02a9baad15ede525d') in 0.052708 seconds
Number of updated asset objects reloaded before import = 0
Number of asset objects unloaded after import = 5
========================================================================
Received Import Request.
  Time since last request: 0.000016 seconds.
  path: Assets/Open Assets/Map/Props/Models/Materials/Camp_01.mat
  artifactKey: Guid(3cf5518a736ba8c48a987720414c2801) Importer(815301076,1909f56bfc062723c751e8b465ee728b)
Start importing Assets/Open Assets/Map/Props/Models/Materials/Camp_01.mat using Guid(3cf5518a736ba8c48a987720414c2801) Importer(815301076,1909f56bfc062723c751e8b465ee728b)  -> (artifact id: '05ca0965eadbb2e898198833353154f9') in 0.018816 seconds
Number of updated asset objects reloaded before import = 0
Number of asset objects unloaded after import = 2
========================================================================
Received Import Request.
  Time since last request: 0.000039 seconds.
  path: Assets/Open Assets/Map/Props/Models/Materials/Magic_Orb 2_red.mat
  artifactKey: Guid(fccf24328a619b841ae4a6af26716bdf) Importer(815301076,1909f56bfc062723c751e8b465ee728b)
Start importing Assets/Open Assets/Map/Props/Models/Materials/Magic_Orb 2_red.mat using Guid(fccf24328a619b841ae4a6af26716bdf) Importer(815301076,1909f56bfc062723c751e8b465ee728b)  -> (artifact id: '9bb0f96b8eae03281438e60f21505ef0') in 0.016828 seconds
Number of updated asset objects reloaded before import = 0
Number of asset objects unloaded after import = 1
========================================================================
Received Import Request.
  Time since last request: 0.000019 seconds.
  path: Assets/Open Assets/Map/Props/Models/Materials/Plants1.mat
  artifactKey: Guid(3af6118b3673f044e9ae17884f21e74e) Importer(815301076,1909f56bfc062723c751e8b465ee728b)
Start importing Assets/Open Assets/Map/Props/Models/Materials/Plants1.mat using Guid(3af6118b3673f044e9ae17884f21e74e) Importer(815301076,1909f56bfc062723c751e8b465ee728b)  -> (artifact id: '49ae2d684488890dd866e769bbb81f73') in 0.034451 seconds
Number of updated asset objects reloaded before import = 0
Number of asset objects unloaded after import = 4
========================================================================
Received Import Request.
  Time since last request: 0.000016 seconds.
  path: Assets/Open Assets/Map/Props/Models/Materials/camp_02.mat
  artifactKey: Guid(78c12a12d61f82b4f8258a2297d23172) Importer(815301076,1909f56bfc062723c751e8b465ee728b)
Start importing Assets/Open Assets/Map/Props/Models/Materials/camp_02.mat using Guid(78c12a12d61f82b4f8258a2297d23172) Importer(815301076,1909f56bfc062723c751e8b465ee728b)  -> (artifact id: '7b796a37950253b980f406ff478bb368') in 0.031179 seconds
Number of updated asset objects reloaded before import = 0
Number of asset objects unloaded after import = 3
========================================================================
Received Import Request.
  Time since last request: 0.002181 seconds.
  path: Assets/Open Assets/Map/Props/Models/Materials/Graveyard_alpha.mat
  artifactKey: Guid(8b3632238a572c84fb6f6a51647becc7) Importer(815301076,1909f56bfc062723c751e8b465ee728b)
Start importing Assets/Open Assets/Map/Props/Models/Materials/Graveyard_alpha.mat using Guid(8b3632238a572c84fb6f6a51647becc7) Importer(815301076,1909f56bfc062723c751e8b465ee728b)  -> (artifact id: '1cc267060951e9d6487d60584efdae0a') in 0.205313 seconds
Number of updated asset objects reloaded before import = 0
Number of asset objects unloaded after import = 2
========================================================================
Received Import Request.
  Time since last request: 0.000017 seconds.
  path: Assets/Open Assets/Map/Props/Models/Materials/props.mat
  artifactKey: Guid(7656296e5391c6d42bdd188c86c59212) Importer(815301076,1909f56bfc062723c751e8b465ee728b)
Start importing Assets/Open Assets/Map/Props/Models/Materials/props.mat using Guid(7656296e5391c6d42bdd188c86c59212) Importer(815301076,1909f56bfc062723c751e8b465ee728b)  -> (artifact id: '3c38957c29596231273fe8aeb0d62812') in 0.036006 seconds
Number of updated asset objects reloaded before import = 0
Number of asset objects unloaded after import = 2
========================================================================
Received Import Request.
  Time since last request: 0.000022 seconds.
  path: Assets/Open Assets/Map/Props/Models/Materials/Magic_Pillars_red.mat
  artifactKey: Guid(5916c8d578551a24e8386e725be477e2) Importer(815301076,1909f56bfc062723c751e8b465ee728b)
Start importing Assets/Open Assets/Map/Props/Models/Materials/Magic_Pillars_red.mat using Guid(5916c8d578551a24e8386e725be477e2) Importer(815301076,1909f56bfc062723c751e8b465ee728b)  -> (artifact id: '2a09f16be6dd690115a8d33afa4ee606') in 0.026191 seconds
Number of updated asset objects reloaded before import = 0
Number of asset objects unloaded after import = 4
========================================================================
Received Import Request.
  Time since last request: 0.000014 seconds.
  path: Assets/Open Assets/Map/Props/Models/Materials/Bridge1.mat
  artifactKey: Guid(ab3a13a27b1cde84b9ced06c0cd21e37) Importer(815301076,1909f56bfc062723c751e8b465ee728b)
Start importing Assets/Open Assets/Map/Props/Models/Materials/Bridge1.mat using Guid(ab3a13a27b1cde84b9ced06c0cd21e37) Importer(815301076,1909f56bfc062723c751e8b465ee728b)  -> (artifact id: '0f8f2c869768f0052d50c6accc275bb2') in 0.039397 seconds
Number of updated asset objects reloaded before import = 0
Number of asset objects unloaded after import = 3
========================================================================
Received Import Request.
  Time since last request: 0.000504 seconds.
  path: Assets/Open Assets/Map/Props/Models/Materials/Dungeon_passage.mat
  artifactKey: Guid(630ef1cac4f22d74598b00fb49a50e31) Importer(815301076,1909f56bfc062723c751e8b465ee728b)
Start importing Assets/Open Assets/Map/Props/Models/Materials/Dungeon_passage.mat using Guid(630ef1cac4f22d74598b00fb49a50e31) Importer(815301076,1909f56bfc062723c751e8b465ee728b)  -> (artifact id: '235f635f7d094a3cc787005fd8ebcf41') in 0.022447 seconds
Number of updated asset objects reloaded before import = 0
Number of asset objects unloaded after import = 3
========================================================================
Received Import Request.
  Time since last request: 0.000015 seconds.
  path: Assets/Open Assets/Map/Props/Models/Materials/Mine1.mat
  artifactKey: Guid(af76a6e404ca17d4bbca15525e983a82) Importer(815301076,1909f56bfc062723c751e8b465ee728b)
Start importing Assets/Open Assets/Map/Props/Models/Materials/Mine1.mat using Guid(af76a6e404ca17d4bbca15525e983a82) Importer(815301076,1909f56bfc062723c751e8b465ee728b)  -> (artifact id: '5403e928b7865e720bdd7ede8af9dfbb') in 0.032207 seconds
Number of updated asset objects reloaded before import = 0
Number of asset objects unloaded after import = 2
========================================================================
Received Import Request.
  Time since last request: 0.000014 seconds.
  path: Assets/Open Assets/Map/Props/Models/Materials/Lamp.mat
  artifactKey: Guid(0e6693e48c33fff4d93b791ed3f2ba87) Importer(815301076,1909f56bfc062723c751e8b465ee728b)
Start importing Assets/Open Assets/Map/Props/Models/Materials/Lamp.mat using Guid(0e6693e48c33fff4d93b791ed3f2ba87) Importer(815301076,1909f56bfc062723c751e8b465ee728b)  -> (artifact id: '02789c683bad2c31a9e04529f161f274') in 0.024358 seconds
Number of updated asset objects reloaded before import = 0
Number of asset objects unloaded after import = 3
========================================================================
Received Import Request.
  Time since last request: 0.000014 seconds.
  path: Assets/Open Assets/Map/Props/Models/Materials/mushrooms.tif.mat
  artifactKey: Guid(a477a7d615d425348a3cba8a3c3db722) Importer(815301076,1909f56bfc062723c751e8b465ee728b)
Start importing Assets/Open Assets/Map/Props/Models/Materials/mushrooms.tif.mat using Guid(a477a7d615d425348a3cba8a3c3db722) Importer(815301076,1909f56bfc062723c751e8b465ee728b)  -> (artifact id: '473d1441b7c572e7a5c690395bb1d6d1') in 0.022798 seconds
Number of updated asset objects reloaded before import = 0
Number of asset objects unloaded after import = 3
========================================================================
Received Import Request.
  Time since last request: 0.000310 seconds.
  path: Assets/Open Assets/Map/Props/Models/Materials/Graveyard.mat
  artifactKey: Guid(228ad842bcd4a7f49a97f82830d794ee) Importer(815301076,1909f56bfc062723c751e8b465ee728b)
Start importing Assets/Open Assets/Map/Props/Models/Materials/Graveyard.mat using Guid(228ad842bcd4a7f49a97f82830d794ee) Importer(815301076,1909f56bfc062723c751e8b465ee728b)  -> (artifact id: '2b1827642b9431db0fd780950c3fdaca') in 0.040534 seconds
Number of updated asset objects reloaded before import = 0
Number of asset objects unloaded after import = 3
========================================================================
Received Import Request.
  Time since last request: 0.000017 seconds.
  path: Assets/Open Assets/Map/Props/Models/Materials/Magic_Pillars.mat
  artifactKey: Guid(92ee58c3f3395234aa0333363dc5a98e) Importer(815301076,1909f56bfc062723c751e8b465ee728b)
Start importing Assets/Open Assets/Map/Props/Models/Materials/Magic_Pillars.mat using Guid(92ee58c3f3395234aa0333363dc5a98e) Importer(815301076,1909f56bfc062723c751e8b465ee728b)  -> (artifact id: '997dfff601b06dd160078c4398f24381') in 0.027145 seconds
Number of updated asset objects reloaded before import = 0
Number of asset objects unloaded after import = 4
========================================================================
Received Import Request.
  Time since last request: 0.000518 seconds.
  path: Assets/Open Assets/Map/Props/Models/Materials/Fence_01.mat
  artifactKey: Guid(1857ca53d8dd3e746b57d65ab2cb16fe) Importer(815301076,1909f56bfc062723c751e8b465ee728b)
Start importing Assets/Open Assets/Map/Props/Models/Materials/Fence_01.mat using Guid(1857ca53d8dd3e746b57d65ab2cb16fe) Importer(815301076,1909f56bfc062723c751e8b465ee728b)  -> (artifact id: 'b739a9ca9d665d9384bbc23c2374c0f6') in 0.032840 seconds
Number of updated asset objects reloaded before import = 0
Number of asset objects unloaded after import = 3
========================================================================
Received Import Request.
  Time since last request: 0.000015 seconds.
  path: Assets/Open Assets/Map/Props/Models/Materials/Grass_Flowers1.mat
  artifactKey: Guid(ea898058c3e7aa54590da8e0a3b1a2dd) Importer(815301076,1909f56bfc062723c751e8b465ee728b)
Start importing Assets/Open Assets/Map/Props/Models/Materials/Grass_Flowers1.mat using Guid(ea898058c3e7aa54590da8e0a3b1a2dd) Importer(815301076,1909f56bfc062723c751e8b465ee728b)  -> (artifact id: '0a2e336c9cc3889a9f36770ba63c1b93') in 0.022896 seconds
Number of updated asset objects reloaded before import = 0
Number of asset objects unloaded after import = 3
========================================================================
Received Import Request.
  Time since last request: 0.000015 seconds.
  path: Assets/Open Assets/Map/Props/Models/Materials/Grid.mat
  artifactKey: Guid(2acc5029fb04b5841b3942147779a5ac) Importer(815301076,1909f56bfc062723c751e8b465ee728b)
Start importing Assets/Open Assets/Map/Props/Models/Materials/Grid.mat using Guid(2acc5029fb04b5841b3942147779a5ac) Importer(815301076,1909f56bfc062723c751e8b465ee728b)  -> (artifact id: 'bab416f0447a17e50cd8ed006f68f206') in 0.034343 seconds
Number of updated asset objects reloaded before import = 0
Number of asset objects unloaded after import = 2
========================================================================
Received Import Request.
  Time since last request: 0.000014 seconds.
  path: Assets/Open Assets/Map/Props/Models/Materials/Physics.mat
  artifactKey: Guid(11c7d0815910c30409bb607a7e281609) Importer(815301076,1909f56bfc062723c751e8b465ee728b)
Start importing Assets/Open Assets/Map/Props/Models/Materials/Physics.mat using Guid(11c7d0815910c30409bb607a7e281609) Importer(815301076,1909f56bfc062723c751e8b465ee728b)  -> (artifact id: '9f228ef5839182d512b0c85b10e05dc6') in 0.018171 seconds
Number of updated asset objects reloaded before import = 0
Number of asset objects unloaded after import = 1
========================================================================
Received Import Request.
  Time since last request: 0.000024 seconds.
  path: Assets/Open Assets/Map/Props/Models/Materials/Bridge2.mat
  artifactKey: Guid(1d7233f51c44c954397fb6cf7e05b647) Importer(815301076,1909f56bfc062723c751e8b465ee728b)
Start importing Assets/Open Assets/Map/Props/Models/Materials/Bridge2.mat using Guid(1d7233f51c44c954397fb6cf7e05b647) Importer(815301076,1909f56bfc062723c751e8b465ee728b)  -> (artifact id: '909db506bd524d23594e763b5e987df5') in 0.022748 seconds
Number of updated asset objects reloaded before import = 0
Number of asset objects unloaded after import = 3
========================================================================
Received Import Request.
  Time since last request: 0.000014 seconds.
  path: Assets/Open Assets/Map/Props/Models/Materials/Magic_Orb.mat
  artifactKey: Guid(02274258e3178aa46afda8327ace4bd4) Importer(815301076,1909f56bfc062723c751e8b465ee728b)
Start importing Assets/Open Assets/Map/Props/Models/Materials/Magic_Orb.mat using Guid(02274258e3178aa46afda8327ace4bd4) Importer(815301076,1909f56bfc062723c751e8b465ee728b)  -> (artifact id: 'fbc2a32a3633f4ec1c1dd5e6c8e7d519') in 0.038654 seconds
Number of updated asset objects reloaded before import = 0
Number of asset objects unloaded after import = 1
========================================================================
Received Import Request.
  Time since last request: 0.000581 seconds.
  path: Assets/Open Assets/Map/Props/Models/Materials/chests.mat
  artifactKey: Guid(a57e40f57ddb7be428e7151f3adc5e0e) Importer(815301076,1909f56bfc062723c751e8b465ee728b)
Start importing Assets/Open Assets/Map/Props/Models/Materials/chests.mat using Guid(a57e40f57ddb7be428e7151f3adc5e0e) Importer(815301076,1909f56bfc062723c751e8b465ee728b)  -> (artifact id: 'd7f08730bbd2ff7dd7a64d64e4bb6d08') in 0.027447 seconds
Number of updated asset objects reloaded before import = 0
Number of asset objects unloaded after import = 3
========================================================================
Received Import Request.
  Time since last request: 0.000016 seconds.
  path: Assets/Open Assets/Map/Props/Models/Materials/Magic_Orb 1.mat
  artifactKey: Guid(144dd65e9869aac45bbc7d526fb5134a) Importer(815301076,1909f56bfc062723c751e8b465ee728b)
Start importing Assets/Open Assets/Map/Props/Models/Materials/Magic_Orb 1.mat using Guid(144dd65e9869aac45bbc7d526fb5134a) Importer(815301076,1909f56bfc062723c751e8b465ee728b)  -> (artifact id: '3bbc1f6e568ff30e30a93bbbe441035e') in 0.035545 seconds
Number of updated asset objects reloaded before import = 0
Number of asset objects unloaded after import = 1
========================================================================
Received Import Request.
  Time since last request: 25.043811 seconds.
  path: Assets/Open Assets/Map/Particles/Textures/Glow2.mat
  artifactKey: Guid(1658bbbfa05abcb428fd5bf9a62111a1) Importer(815301076,1909f56bfc062723c751e8b465ee728b)
Start importing Assets/Open Assets/Map/Particles/Textures/Glow2.mat using Guid(1658bbbfa05abcb428fd5bf9a62111a1) Importer(815301076,1909f56bfc062723c751e8b465ee728b)  -> (artifact id: '394d57e543f721bb2316d3f1d33811f7') in 0.035318 seconds
Number of updated asset objects reloaded before import = 0
Number of asset objects unloaded after import = 3
========================================================================
Received Import Request.
  Time since last request: 12.493364 seconds.
  path: Assets/Open Assets/Map/Props/Models/Materials/Stairs.mat
  artifactKey: Guid(7ddc9eab6744c034ea393a651535dd68) Importer(815301076,1909f56bfc062723c751e8b465ee728b)
Start importing Assets/Open Assets/Map/Props/Models/Materials/Stairs.mat using Guid(7ddc9eab6744c034ea393a651535dd68) Importer(815301076,1909f56bfc062723c751e8b465ee728b)  -> (artifact id: '9f361154577d3004702d7c542f63c06b') in 0.034055 seconds
Number of updated asset objects reloaded before import = 0
Number of asset objects unloaded after import = 2
========================================================================
Received Import Request.
  Time since last request: 0.000015 seconds.
  path: Assets/Open Assets/Map/Props/Models/Materials/Stones_01.mat
  artifactKey: Guid(33d2341e76bbd1d4997a0a3121b39a94) Importer(815301076,1909f56bfc062723c751e8b465ee728b)
Start importing Assets/Open Assets/Map/Props/Models/Materials/Stones_01.mat using Guid(33d2341e76bbd1d4997a0a3121b39a94) Importer(815301076,1909f56bfc062723c751e8b465ee728b)  -> (artifact id: '3c2c4e9ed52029b4ded4c470ba7d81f1') in 0.020698 seconds
Number of updated asset objects reloaded before import = 0
Number of asset objects unloaded after import = 3
========================================================================
Received Import Request.
  Time since last request: 0.143683 seconds.
  path: Assets/Open Assets/Map/Props/Models/Materials/Tile1.mat
  artifactKey: Guid(c88dc8a461c2ce64facd636febb36502) Importer(815301076,1909f56bfc062723c751e8b465ee728b)
Start importing Assets/Open Assets/Map/Props/Models/Materials/Tile1.mat using Guid(c88dc8a461c2ce64facd636febb36502) Importer(815301076,1909f56bfc062723c751e8b465ee728b)  -> (artifact id: '101a7f8fecf29cb716f897afafbde7c2') in 0.044107 seconds
Number of updated asset objects reloaded before import = 0
Number of asset objects unloaded after import = 5
========================================================================
Received Import Request.
  Time since last request: 0.000014 seconds.
  path: Assets/Open Assets/Map/Props/Models/Materials/Tile1_Brick.mat
  artifactKey: Guid(dba0a3a660c05bb4e82c6f6449efd789) Importer(815301076,1909f56bfc062723c751e8b465ee728b)
Start importing Assets/Open Assets/Map/Props/Models/Materials/Tile1_Brick.mat using Guid(dba0a3a660c05bb4e82c6f6449efd789) Importer(815301076,1909f56bfc062723c751e8b465ee728b)  -> (artifact id: 'f8cb463268d1be7390724c87d88294c0') in 0.104353 seconds
Number of updated asset objects reloaded before import = 0
Number of asset objects unloaded after import = 6
========================================================================
Received Import Request.
  Time since last request: 0.855503 seconds.
  path: Assets/Open Assets/Map/Particles/Textures/Fire2_alpha_clip.mat
  artifactKey: Guid(c191807879c7f6043a8e5b12e3353537) Importer(815301076,1909f56bfc062723c751e8b465ee728b)
Start importing Assets/Open Assets/Map/Particles/Textures/Fire2_alpha_clip.mat using Guid(c191807879c7f6043a8e5b12e3353537) Importer(815301076,1909f56bfc062723c751e8b465ee728b)  -> (artifact id: 'fd70dd3211124cc6bac318eddd835cb0') in 0.022259 seconds
Number of updated asset objects reloaded before import = 0
Number of asset objects unloaded after import = 2
========================================================================
Received Import Request.
  Time since last request: 3.405241 seconds.
  path: Assets/Open Assets/Map/Props/Models/Materials/Tile1_Bricknew.mat
  artifactKey: Guid(5354b8cbe686f914bbfc98ebef7c2568) Importer(815301076,1909f56bfc062723c751e8b465ee728b)
Start importing Assets/Open Assets/Map/Props/Models/Materials/Tile1_Bricknew.mat using Guid(5354b8cbe686f914bbfc98ebef7c2568) Importer(815301076,1909f56bfc062723c751e8b465ee728b)  -> (artifact id: '8b200395c7571fb0a2472eaf8c6f56c7') in 0.020250 seconds
Number of updated asset objects reloaded before import = 0
Number of asset objects unloaded after import = 6
========================================================================
Received Import Request.
  Time since last request: 0.000350 seconds.
  path: Assets/Open Assets/Map/Props/Models/Materials/Tile2.mat
  artifactKey: Guid(3c1560d144a9d424cb0e6c4460806f22) Importer(815301076,1909f56bfc062723c751e8b465ee728b)
Start importing Assets/Open Assets/Map/Props/Models/Materials/Tile2.mat using Guid(3c1560d144a9d424cb0e6c4460806f22) Importer(815301076,1909f56bfc062723c751e8b465ee728b)  -> (artifact id: '6625ac3cc949ee6d86e3ad8d11c860b6') in 0.032341 seconds
Number of updated asset objects reloaded before import = 0
Number of asset objects unloaded after import = 5
========================================================================
Received Import Request.
  Time since last request: 0.000016 seconds.
  path: Assets/Open Assets/Map/Props/Models/Materials/Tile3.mat
  artifactKey: Guid(65777fed3e827654abff6488f3ed20e1) Importer(815301076,1909f56bfc062723c751e8b465ee728b)
Start importing Assets/Open Assets/Map/Props/Models/Materials/Tile3.mat using Guid(65777fed3e827654abff6488f3ed20e1) Importer(815301076,1909f56bfc062723c751e8b465ee728b)  -> (artifact id: '71c6c3c131dbbb0c6b60682b288a5c07') in 0.033868 seconds
Number of updated asset objects reloaded before import = 0
Number of asset objects unloaded after import = 5
========================================================================
Received Import Request.
  Time since last request: 0.000019 seconds.
  path: Assets/Open Assets/Map/Props/Models/Materials/Tile3_Brick.mat
  artifactKey: Guid(c10c5711dc1829c43a82ca81500c74aa) Importer(815301076,1909f56bfc062723c751e8b465ee728b)
Start importing Assets/Open Assets/Map/Props/Models/Materials/Tile3_Brick.mat using Guid(c10c5711dc1829c43a82ca81500c74aa) Importer(815301076,1909f56bfc062723c751e8b465ee728b)  -> (artifact id: 'd945f88a9c883fe17dda0f6de25883fb') in 0.024719 seconds
Number of updated asset objects reloaded before import = 0
Number of asset objects unloaded after import = 6
========================================================================
Received Import Request.
  Time since last request: 0.000022 seconds.
  path: Assets/Open Assets/Map/Props/Models/Materials/Tile_clear.mat
  artifactKey: Guid(31f98800e86b0b147a20ea7da768e575) Importer(815301076,1909f56bfc062723c751e8b465ee728b)
Start importing Assets/Open Assets/Map/Props/Models/Materials/Tile_clear.mat using Guid(31f98800e86b0b147a20ea7da768e575) Importer(815301076,1909f56bfc062723c751e8b465ee728b)  -> (artifact id: 'd39f4c7cb87cc38d86103c19c32b8391') in 0.040636 seconds
Number of updated asset objects reloaded before import = 0
Number of asset objects unloaded after import = 4
========================================================================
Received Import Request.
  Time since last request: 0.001775 seconds.
  path: Assets/Open Assets/Map/Props/Models/Materials/Tile4.mat
  artifactKey: Guid(34540a6cd0c758c4fae4bc68308ceb17) Importer(815301076,1909f56bfc062723c751e8b465ee728b)
Start importing Assets/Open Assets/Map/Props/Models/Materials/Tile4.mat using Guid(34540a6cd0c758c4fae4bc68308ceb17) Importer(815301076,1909f56bfc062723c751e8b465ee728b)  -> (artifact id: 'd241e24e200b3a230d02342441146ebc') in 0.050895 seconds
Number of updated asset objects reloaded before import = 0
Number of asset objects unloaded after import = 5
========================================================================
Received Import Request.
  Time since last request: 0.053510 seconds.
  path: Assets/Open Assets/Map/Props/Models/Materials/Trees_01.mat
  artifactKey: Guid(f1728f80fc86a8048a9a7c2b28a07b54) Importer(815301076,1909f56bfc062723c751e8b465ee728b)
Start importing Assets/Open Assets/Map/Props/Models/Materials/Trees_01.mat using Guid(f1728f80fc86a8048a9a7c2b28a07b54) Importer(815301076,1909f56bfc062723c751e8b465ee728b)  -> (artifact id: '733496ea51340c932aabb692901faaec') in 0.047872 seconds
Number of updated asset objects reloaded before import = 0
Number of asset objects unloaded after import = 2
========================================================================
Received Import Request.
  Time since last request: 0.000013 seconds.
  path: Assets/Open Assets/Map/Props/Models/Materials/Trees_01b_alpha.mat
  artifactKey: Guid(41d1ef3c8997c3244a3cae2b8c8e479d) Importer(815301076,1909f56bfc062723c751e8b465ee728b)
Start importing Assets/Open Assets/Map/Props/Models/Materials/Trees_01b_alpha.mat using Guid(41d1ef3c8997c3244a3cae2b8c8e479d) Importer(815301076,1909f56bfc062723c751e8b465ee728b)  -> (artifact id: 'f6971df35b3eb989b37d3cb64b986d87') in 0.025998 seconds
Number of updated asset objects reloaded before import = 0
Number of asset objects unloaded after import = 4
========================================================================
Received Import Request.
  Time since last request: 0.000016 seconds.
  path: Assets/Open Assets/Map/Props/Models/Materials/Trees_01_alpha.mat
  artifactKey: Guid(9eb659bf69c439044990a33f8878a522) Importer(815301076,1909f56bfc062723c751e8b465ee728b)
Start importing Assets/Open Assets/Map/Props/Models/Materials/Trees_01_alpha.mat using Guid(9eb659bf69c439044990a33f8878a522) Importer(815301076,1909f56bfc062723c751e8b465ee728b)  -> (artifact id: 'f794823ac92e9bd150460c2252937e23') in 0.022897 seconds
Number of updated asset objects reloaded before import = 0
Number of asset objects unloaded after import = 4
========================================================================
Received Import Request.
  Time since last request: 0.000023 seconds.
  path: Assets/Open Assets/Map/Props/Models/Materials/Trees_01b.mat
  artifactKey: Guid(b3bcb14ac5b9a474d958e0f2b6b526eb) Importer(815301076,1909f56bfc062723c751e8b465ee728b)
Start importing Assets/Open Assets/Map/Props/Models/Materials/Trees_01b.mat using Guid(b3bcb14ac5b9a474d958e0f2b6b526eb) Importer(815301076,1909f56bfc062723c751e8b465ee728b)  -> (artifact id: '76fb9a1f6add75b6324ee58f26e8d7ec') in 0.040569 seconds
Number of updated asset objects reloaded before import = 0
Number of asset objects unloaded after import = 2
========================================================================
Received Import Request.
  Time since last request: 0.000493 seconds.
  path: Assets/Open Assets/Map/Props/Models/Materials/Trees_02.mat
  artifactKey: Guid(fdc09f9b6fa675e4d9bb5992436540a9) Importer(815301076,1909f56bfc062723c751e8b465ee728b)
Start importing Assets/Open Assets/Map/Props/Models/Materials/Trees_02.mat using Guid(fdc09f9b6fa675e4d9bb5992436540a9) Importer(815301076,1909f56bfc062723c751e8b465ee728b)  -> (artifact id: 'ae39f64003b848cde0b1e08817642377') in 0.021582 seconds
Number of updated asset objects reloaded before import = 0
Number of asset objects unloaded after import = 2
========================================================================
Received Import Request.
  Time since last request: 0.000014 seconds.
  path: Assets/Open Assets/Map/Props/Models/Materials/Trees_02_alpha.mat
  artifactKey: Guid(2989a567e368010408f0626b3eff8b76) Importer(815301076,1909f56bfc062723c751e8b465ee728b)
Start importing Assets/Open Assets/Map/Props/Models/Materials/Trees_02_alpha.mat using Guid(2989a567e368010408f0626b3eff8b76) Importer(815301076,1909f56bfc062723c751e8b465ee728b)  -> (artifact id: 'aa834b954ea2da3126dc6566aa8ab505') in 0.044096 seconds
Number of updated asset objects reloaded before import = 0
Number of asset objects unloaded after import = 4
========================================================================
Received Import Request.
  Time since last request: 0.079611 seconds.
  path: Assets/Open Assets/Map/Props/Models/Materials/trees_03.mat
  artifactKey: Guid(032998f2f814eba4abdac20f4ea524b2) Importer(815301076,1909f56bfc062723c751e8b465ee728b)
Start importing Assets/Open Assets/Map/Props/Models/Materials/trees_03.mat using Guid(032998f2f814eba4abdac20f4ea524b2) Importer(815301076,1909f56bfc062723c751e8b465ee728b)  -> (artifact id: 'dc2fe38dfa64d6d2a735db33bbb82e09') in 0.020280 seconds
Number of updated asset objects reloaded before import = 0
Number of asset objects unloaded after import = 2
========================================================================
Received Import Request.
  Time since last request: 0.000013 seconds.
  path: Assets/Open Assets/Map/Props/Models/Materials/trees_03_autumn_alpha.mat
  artifactKey: Guid(6f7221aa3bc273b439e3daa01a349ab7) Importer(815301076,1909f56bfc062723c751e8b465ee728b)
Start importing Assets/Open Assets/Map/Props/Models/Materials/trees_03_autumn_alpha.mat using Guid(6f7221aa3bc273b439e3daa01a349ab7) Importer(815301076,1909f56bfc062723c751e8b465ee728b)  -> (artifact id: '91a1436d309d8685c68e3c3191e40fac') in 0.038566 seconds
Number of updated asset objects reloaded before import = 0
Number of asset objects unloaded after import = 4
========================================================================
Received Import Request.
  Time since last request: 0.000017 seconds.
  path: Assets/Open Assets/Map/Props/Models/Materials/trees_03_autumn.mat
  artifactKey: Guid(89fe42567d9d40746a45f29535ee65fb) Importer(815301076,1909f56bfc062723c751e8b465ee728b)
Start importing Assets/Open Assets/Map/Props/Models/Materials/trees_03_autumn.mat using Guid(89fe42567d9d40746a45f29535ee65fb) Importer(815301076,1909f56bfc062723c751e8b465ee728b)  -> (artifact id: '4e73d32573deca1aced3c86392bc9f0d') in 0.023686 seconds
Number of updated asset objects reloaded before import = 0
Number of asset objects unloaded after import = 2
========================================================================
Received Import Request.
  Time since last request: 0.000021 seconds.
  path: Assets/Open Assets/Map/Props/Models/Materials/trees_03_alpha.mat
  artifactKey: Guid(69c7a8f37373eaa46a869474a66688b2) Importer(815301076,1909f56bfc062723c751e8b465ee728b)
Start importing Assets/Open Assets/Map/Props/Models/Materials/trees_03_alpha.mat using Guid(69c7a8f37373eaa46a869474a66688b2) Importer(815301076,1909f56bfc062723c751e8b465ee728b)  -> (artifact id: '2f67beaf9051ef591155d5ec537f21f1') in 0.021609 seconds
Number of updated asset objects reloaded before import = 0
Number of asset objects unloaded after import = 4
========================================================================
Received Import Request.
  Time since last request: 0.200694 seconds.
  path: Assets/Open Assets/Map/Props/Models/Materials/trees_04.mat
  artifactKey: Guid(ed2a80d95f9a04e4aa135e5c5376d192) Importer(815301076,1909f56bfc062723c751e8b465ee728b)
Start importing Assets/Open Assets/Map/Props/Models/Materials/trees_04.mat using Guid(ed2a80d95f9a04e4aa135e5c5376d192) Importer(815301076,1909f56bfc062723c751e8b465ee728b)  -> (artifact id: '77d37aa86e032575e5cf1d7cd6e666d8') in 0.021010 seconds
Number of updated asset objects reloaded before import = 0
Number of asset objects unloaded after import = 3
========================================================================
Received Import Request.
  Time since last request: 0.000015 seconds.
  path: Assets/Open Assets/Map/Props/Models/Materials/trees_04_alpha.mat
  artifactKey: Guid(a7f6f4f0f591b2f4eb4b64b2c1abed62) Importer(815301076,1909f56bfc062723c751e8b465ee728b)
Start importing Assets/Open Assets/Map/Props/Models/Materials/trees_04_alpha.mat using Guid(a7f6f4f0f591b2f4eb4b64b2c1abed62) Importer(815301076,1909f56bfc062723c751e8b465ee728b)  -> (artifact id: '70fb01e901e55c7e12ea54ba8703709c') in 0.024865 seconds
Number of updated asset objects reloaded before import = 0
Number of asset objects unloaded after import = 3
========================================================================
Received Import Request.
  Time since last request: 0.000317 seconds.
  path: Assets/Open Assets/Map/Props/Models/Materials/Water.mat
  artifactKey: Guid(dcda72abd7573a54fb4f9f41ebd352a0) Importer(815301076,1909f56bfc062723c751e8b465ee728b)
Start importing Assets/Open Assets/Map/Props/Models/Materials/Water.mat using Guid(dcda72abd7573a54fb4f9f41ebd352a0) Importer(815301076,1909f56bfc062723c751e8b465ee728b)  -> (artifact id: '183fc7e0446dfaa3db6aaac54e22b9b2') in 0.020284 seconds
Number of updated asset objects reloaded before import = 0
Number of asset objects unloaded after import = 1
========================================================================
Received Import Request.
  Time since last request: 0.000015 seconds.
  path: Assets/Open Assets/Map/Props/Models/Materials/Waterfall1.mat
  artifactKey: Guid(6bfd8404b7eeafa4e98681071c664b29) Importer(815301076,1909f56bfc062723c751e8b465ee728b)
Start importing Assets/Open Assets/Map/Props/Models/Materials/Waterfall1.mat using Guid(6bfd8404b7eeafa4e98681071c664b29) Importer(815301076,1909f56bfc062723c751e8b465ee728b)  -> (artifact id: '878f4d69c03dbe427cc265f951dc88c8') in 0.022400 seconds
Number of updated asset objects reloaded before import = 0
Number of asset objects unloaded after import = 6
========================================================================
Received Import Request.
  Time since last request: 1.424605 seconds.
  path: Assets/Open Assets/Map/Particles/Textures/Fire2.tif
  artifactKey: Guid(d79725f6238a85a45b3e814a7bf57e34) Importer(815301076,1909f56bfc062723c751e8b465ee728b)
Start importing Assets/Open Assets/Map/Particles/Textures/Fire2.tif using Guid(d79725f6238a85a45b3e814a7bf57e34) Importer(815301076,1909f56bfc062723c751e8b465ee728b)  -> (artifact id: 'f4a1dda173ce0a8561759af59daad603') in 0.042341 seconds
Number of updated asset objects reloaded before import = 0
Number of asset objects unloaded after import = 2
========================================================================
Received Import Request.
  Time since last request: 2.238333 seconds.
  path: Assets/Open Assets/Map/Particles/Textures/Candleflame.mat
  artifactKey: Guid(05dfdfed8ed5f2640a2edd5f8d8cbf7a) Importer(815301076,1909f56bfc062723c751e8b465ee728b)
Start importing Assets/Open Assets/Map/Particles/Textures/Candleflame.mat using Guid(05dfdfed8ed5f2640a2edd5f8d8cbf7a) Importer(815301076,1909f56bfc062723c751e8b465ee728b)  -> (artifact id: 'b477761a435638b4933efd0b30d807e1') in 0.018481 seconds
Number of updated asset objects reloaded before import = 0
Number of asset objects unloaded after import = 2
========================================================================
Received Import Request.
  Time since last request: 0.000017 seconds.
  path: Assets/Open Assets/Map/Particles/Textures/Candleflame.tif
  artifactKey: Guid(cf38fd6686e36524c81a8cf6a4e94a80) Importer(815301076,1909f56bfc062723c751e8b465ee728b)
Start importing Assets/Open Assets/Map/Particles/Textures/Candleflame.tif using Guid(cf38fd6686e36524c81a8cf6a4e94a80) Importer(815301076,1909f56bfc062723c751e8b465ee728b)  -> (artifact id: '9226d8a3d51a71c95976edefa8e26226') in 0.032433 seconds
Number of updated asset objects reloaded before import = 0
Number of asset objects unloaded after import = 2
========================================================================
Received Import Request.
  Time since last request: 0.000015 seconds.
  path: Assets/Open Assets/Map/Particles/Textures/Glow1.tif
  artifactKey: Guid(2e62e9ebd2e025145bb03a1e33dcedbc) Importer(815301076,1909f56bfc062723c751e8b465ee728b)
Start importing Assets/Open Assets/Map/Particles/Textures/Glow1.tif using Guid(2e62e9ebd2e025145bb03a1e33dcedbc) Importer(815301076,1909f56bfc062723c751e8b465ee728b)  -> (artifact id: 'eb2dde81be26b17294f1bd0ac9b22541') in 0.040685 seconds
Number of updated asset objects reloaded before import = 0
Number of asset objects unloaded after import = 2
========================================================================
Received Import Request.
  Time since last request: 0.000016 seconds.
  path: Assets/Open Assets/Map/Particles/Textures/Smoke1.tif
  artifactKey: Guid(2c5ac9da308d1a744b25adb93d007513) Importer(815301076,1909f56bfc062723c751e8b465ee728b)
Start importing Assets/Open Assets/Map/Particles/Textures/Smoke1.tif using Guid(2c5ac9da308d1a744b25adb93d007513) Importer(815301076,1909f56bfc062723c751e8b465ee728b)  -> (artifact id: 'a0657432ec2120fef1e937c69ba7ab43') in 0.061403 seconds
Number of updated asset objects reloaded before import = 0
Number of asset objects unloaded after import = 2
========================================================================
Received Import Request.
  Time since last request: 0.000279 seconds.
  path: Assets/Open Assets/Map/Particles/Textures/Ripples.tif
  artifactKey: Guid(3d1094e44334cc74499bc146ee2c5cbc) Importer(815301076,1909f56bfc062723c751e8b465ee728b)
Start importing Assets/Open Assets/Map/Particles/Textures/Ripples.tif using Guid(3d1094e44334cc74499bc146ee2c5cbc) Importer(815301076,1909f56bfc062723c751e8b465ee728b)  -> (artifact id: '500cf70b5cf01f991052f45c9c0368ca') in 0.080530 seconds
Number of updated asset objects reloaded before import = 0
Number of asset objects unloaded after import = 2
========================================================================
Received Import Request.
  Time since last request: 0.000014 seconds.
  path: Assets/Open Assets/Map/Particles/Textures/Fire1.tif
  artifactKey: Guid(e3f72c2118b15e8449f605c83d6eea4a) Importer(815301076,1909f56bfc062723c751e8b465ee728b)
Start importing Assets/Open Assets/Map/Particles/Textures/Fire1.tif using Guid(e3f72c2118b15e8449f605c83d6eea4a) Importer(815301076,1909f56bfc062723c751e8b465ee728b)  -> (artifact id: '8ee45846df576fe3ef3e3298d69d2647') in 0.074824 seconds
Number of updated asset objects reloaded before import = 0
Number of asset objects unloaded after import = 2
========================================================================
Received Import Request.
  Time since last request: 0.000058 seconds.
  path: Assets/Open Assets/Map/Particles/Textures/Ripples.mat
  artifactKey: Guid(b939cc05d0bf61546852b9701324615c) Importer(815301076,1909f56bfc062723c751e8b465ee728b)
Start importing Assets/Open Assets/Map/Particles/Textures/Ripples.mat using Guid(b939cc05d0bf61546852b9701324615c) Importer(815301076,1909f56bfc062723c751e8b465ee728b)  -> (artifact id: '108a9aa6932e2f1340dbde790c10e772') in 0.023140 seconds
Number of updated asset objects reloaded before import = 0
Number of asset objects unloaded after import = 3
========================================================================
Received Import Request.
  Time since last request: 0.000427 seconds.
  path: Assets/Open Assets/Map/Particles/Textures/Fire1.mat
  artifactKey: Guid(fd8022388311e9649aa9d21b729dd8e9) Importer(815301076,1909f56bfc062723c751e8b465ee728b)
Start importing Assets/Open Assets/Map/Particles/Textures/Fire1.mat using Guid(fd8022388311e9649aa9d21b729dd8e9) Importer(815301076,1909f56bfc062723c751e8b465ee728b)  -> (artifact id: '99eb2e36a6b909eda2d10d4b7054df57') in 0.025709 seconds
Number of updated asset objects reloaded before import = 0
Number of asset objects unloaded after import = 2
========================================================================
Received Import Request.
  Time since last request: 0.000238 seconds.
  path: Assets/Open Assets/Map/Particles/Textures/Fire1_alpha_clip.mat
  artifactKey: Guid(7b3b67b66c9974e46aabb5e746bf88e7) Importer(815301076,1909f56bfc062723c751e8b465ee728b)
Start importing Assets/Open Assets/Map/Particles/Textures/Fire1_alpha_clip.mat using Guid(7b3b67b66c9974e46aabb5e746bf88e7) Importer(815301076,1909f56bfc062723c751e8b465ee728b)  -> (artifact id: '08a85f43b30d7c485943f2a4a82ea23e') in 0.024565 seconds
Number of updated asset objects reloaded before import = 0
Number of asset objects unloaded after import = 2
========================================================================
Received Import Request.
  Time since last request: 0.000268 seconds.
  path: Assets/Open Assets/Map/Particles/Textures/Glow3.tif
  artifactKey: Guid(e2c6c3c37cedca547afb1635eb9b63b2) Importer(815301076,1909f56bfc062723c751e8b465ee728b)
Start importing Assets/Open Assets/Map/Particles/Textures/Glow3.tif using Guid(e2c6c3c37cedca547afb1635eb9b63b2) Importer(815301076,1909f56bfc062723c751e8b465ee728b)  -> (artifact id: 'c3d35e4dadb2cb30ae7c0818aa03ce7c') in 0.065292 seconds
Number of updated asset objects reloaded before import = 0
Number of asset objects unloaded after import = 2
========================================================================
Received Import Request.
  Time since last request: 0.000047 seconds.
  path: Assets/Open Assets/Map/Particles/Textures/Glow3.mat
  artifactKey: Guid(0bff21fdc66d10f4ca2a7d0a362b179c) Importer(815301076,1909f56bfc062723c751e8b465ee728b)
Start importing Assets/Open Assets/Map/Particles/Textures/Glow3.mat using Guid(0bff21fdc66d10f4ca2a7d0a362b179c) Importer(815301076,1909f56bfc062723c751e8b465ee728b)  -> (artifact id: 'f2ad9a1195fa3d1e83bff9c029f79e26') in 0.021665 seconds
Number of updated asset objects reloaded before import = 0
Number of asset objects unloaded after import = 3
========================================================================
Received Import Request.
  Time since last request: 0.000016 seconds.
  path: Assets/Open Assets/Map/Particles/Textures/Noise1.tif
  artifactKey: Guid(3f1c8e818c8327c46abeb968ac17a5b9) Importer(815301076,1909f56bfc062723c751e8b465ee728b)
Start importing Assets/Open Assets/Map/Particles/Textures/Noise1.tif using Guid(3f1c8e818c8327c46abeb968ac17a5b9) Importer(815301076,1909f56bfc062723c751e8b465ee728b)  -> (artifact id: '22eaed944a2f2e19b46d0c8997847e59') in 0.054082 seconds
Number of updated asset objects reloaded before import = 0
Number of asset objects unloaded after import = 2
========================================================================
Received Import Request.
  Time since last request: 0.000015 seconds.
  path: Assets/Open Assets/Map/Particles/Textures/Glow2.tif
  artifactKey: Guid(1d67483443895134bb4b5b5005e5dc59) Importer(815301076,1909f56bfc062723c751e8b465ee728b)
Start importing Assets/Open Assets/Map/Particles/Textures/Glow2.tif using Guid(1d67483443895134bb4b5b5005e5dc59) Importer(815301076,1909f56bfc062723c751e8b465ee728b)  -> (artifact id: '2a37c43e7c74f643c65ffd1073b3fc52') in 0.053055 seconds
Number of updated asset objects reloaded before import = 0
Number of asset objects unloaded after import = 2
========================================================================
Received Prepare
Refreshing native plugins compatible for Editor in 8.68 ms, found 3 plugins.
Preloading 0 native plugins for Editor in 0.00 ms.
Unloading 0 Unused Serialized files (Serialized files now loaded: 0)
Unloading 1 unused Assets / (0.9 KB). Loaded Objects now: 3625.
Memory consumption went from 89.8 MB to 89.8 MB.
Total: 5.013900 ms (FindLiveObjects: 0.254100 ms CreateObjectMapping: 0.315600 ms MarkObjects: 4.420200 ms  DeleteObjects: 0.023200 ms)

Prepare: number of updated asset objects reloaded= 0
AssetImportParameters requested are different than current active one (requested -> active):
  custom:container-demuxer-ogg: 62fdf1f143b41e24485cea50d1cbac27 -> 
  custom:video-decoder-ogg-theora: a1e56fd34408186e4bbccfd4996cb3dc -> 
  custom:framework-win-MediaFoundation: 216162199b28c13a410421893ffa2e32 -> 
  custom:CustomObjectIndexerAttribute: 756ad292c208cfabdd7b50bc23989ffe -> 
  custom:container-demuxer-webm: 4f35f7cbe854078d1ac9338744f61a02 -> 
  custom:container-muxer-webm: aa71ff27fc2769a1b78a27578f13a17b -> 
  custom:video-decoder-webm-vp8: 9c59270c3fd7afecdb556c50c9e8de78 -> 
  custom:SearchIndexIgnoredProperties: e643bd26f0fe6173181afceb89e7c659 -> 
  custom:AudioImporter_EditorPlatform: d09bf68614088b80899f8185d706f6e7 -> 
  custom:video-encoder-webm-vp8: eb34c28f22e8b96e1ab97ce403110664 -> 
  custom:audio-decoder-ogg-vorbis: bf7c407c2cedff20999df2af8eb42d56 -> 
  custom:audio-encoder-webm-vorbis: bf7c407c2cedff20999df2af8eb42d56 -> 
========================================================================
Received Import Request.
  Time since last request: 58.733555 seconds.
  path: Assets/Open Assets/Map/Props/Magic_Shrine2.prefab
  artifactKey: Guid(13752ee6aeb023f42afd4e594dfa1e9c) Importer(815301076,1909f56bfc062723c751e8b465ee728b)
Start importing Assets/Open Assets/Map/Props/Magic_Shrine2.prefab using Guid(13752ee6aeb023f42afd4e594dfa1e9c) Importer(815301076,1909f56bfc062723c751e8b465ee728b)  -> (artifact id: '53a85bffb83b3b67691e97e8fbb0d8fa') in 0.037330 seconds
Number of updated asset objects reloaded before import = 0
Number of asset objects unloaded after import = 31
========================================================================
Received Import Request.
  Time since last request: 3128.940617 seconds.
  path: Assets/Scenes/Tutorial.unity
  artifactKey: Guid(dbac8a54b1ef32c4cb5c03cebb9fb489) Importer(815301076,1909f56bfc062723c751e8b465ee728b)
Start importing Assets/Scenes/Tutorial.unity using Guid(dbac8a54b1ef32c4cb5c03cebb9fb489) Importer(815301076,1909f56bfc062723c751e8b465ee728b)  -> (artifact id: '76900b806aa1744f2be54c46c8f9c89f') in 0.001801 seconds
Number of updated asset objects reloaded before import = 0
Number of asset objects unloaded after import = 0
========================================================================
Received Import Request.
  Time since last request: 62.227431 seconds.
  path: Assets/Open Assets/Map/Props/Magic_Shrine1.prefab
  artifactKey: Guid(a7ee3bc8cb4b21746ba3194c271f1aa1) Importer(815301076,1909f56bfc062723c751e8b465ee728b)
Start importing Assets/Open Assets/Map/Props/Magic_Shrine1.prefab using Guid(a7ee3bc8cb4b21746ba3194c271f1aa1) Importer(815301076,1909f56bfc062723c751e8b465ee728b)  -> (artifact id: 'b93ed4cf06606f7ce5d47bd2a2a57d2c') in 0.099461 seconds
Number of updated asset objects reloaded before import = 0
Number of asset objects unloaded after import = 31
========================================================================
Received Import Request.
  Time since last request: 0.000019 seconds.
  path: Assets/Open Assets/Map/Props/Magic_Shrine2.prefab
  artifactKey: Guid(13752ee6aeb023f42afd4e594dfa1e9c) Importer(815301076,1909f56bfc062723c751e8b465ee728b)
Start importing Assets/Open Assets/Map/Props/Magic_Shrine2.prefab using Guid(13752ee6aeb023f42afd4e594dfa1e9c) Importer(815301076,1909f56bfc062723c751e8b465ee728b)  -> (artifact id: 'e8c2731024442c5ea411cc64f729d3b5') in 0.031757 seconds
Number of updated asset objects reloaded before import = 0
Number of asset objects unloaded after import = 31
